<?xml version="1.0" encoding="UTF-8"?>
<!-- Generated by org.testng.reporters.JUnitXMLReporter -->
<testsuite ignored="0" hostname="DESKTOP-JJTOD7N" failures="0" tests="40" name="Amazon Web Test" time="676.38" errors="0" timestamp="2021-11-02T09:22:13 IST">
  <testcase classname="com.amazon.testCases.TC_SearchAProduct_DDT_006" name="searchAProductDDT" time="16.62"/>
  <testcase classname="com.amazon.testCases.TC_SearchAProduct_DDT_006" name="searchAProductDDT" time="16.54"/>
  <testcase classname="com.amazon.testCases.TC_SearchAProduct_DDT_006" name="searchAProductDDT" time="15.941"/>
  <testcase classname="com.amazon.testCases.TC_SearchAProduct_DDT_006" name="searchAProductDDT" time="17.29"/>
  <testcase classname="com.amazon.testCases.TC_SearchAProduct_DDT_006" name="searchAProductDDT" time="16.22"/>
  <testcase classname="com.amazon.testCases.TC_SearchAProduct_DDT_006" name="searchAProductDDT" time="16.445"/>
  <testcase classname="com.amazon.testCases.TC_SearchAProduct_DDT_006" name="searchAProductDDT" time="16.507"/>
  <testcase classname="com.amazon.testCases.TC_SearchAProduct_DDT_006" name="searchAProductDDT" time="16.19"/>
  <testcase classname="com.amazon.testCases.TC_SearchAProduct_DDT_006" name="searchAProductDDT" time="16.341"/>
  <testcase classname="com.amazon.testCases.TC_SearchAProduct_DDT_006" name="searchAProductDDT" time="16.73"/>
  <testcase classname="com.amazon.testCases.TC_SearchAProduct_DDT_006" name="searchAProductDDT" time="16.742"/>
  <testcase classname="com.amazon.testCases.TC_SearchAProduct_DDT_006" name="searchAProductDDT" time="16.507"/>
  <testcase classname="com.amazon.testCases.TC_SearchAProduct_DDT_006" name="searchAProductDDT" time="16.91"/>
  <testcase classname="com.amazon.testCases.TC_SearchAProduct_DDT_006" name="searchAProductDDT" time="17.561"/>
  <testcase classname="com.amazon.testCases.TC_SearchAProduct_DDT_006" name="searchAProductDDT" time="16.567"/>
  <testcase classname="com.amazon.testCases.TC_SearchAProduct_DDT_006" name="searchAProductDDT" time="16.134"/>
  <testcase classname="com.amazon.testCases.TC_SearchAProduct_DDT_006" name="searchAProductDDT" time="16.169"/>
  <testcase classname="com.amazon.testCases.TC_SearchAProduct_DDT_006" name="searchAProductDDT" time="16.66"/>
  <testcase classname="com.amazon.testCases.TC_SearchAProduct_DDT_006" name="searchAProductDDT" time="16.483"/>
  <testcase classname="com.amazon.testCases.TC_SearchAProduct_DDT_006" name="searchAProductDDT" time="16.182"/>
  <testcase classname="com.amazon.testCases.TC_SearchAProduct_DDT_006" name="searchAProductDDT" time="16.365"/>
  <testcase classname="com.amazon.testCases.TC_SearchAProduct_DDT_006" name="searchAProductDDT" time="17.122"/>
  <testcase classname="com.amazon.testCases.TC_SearchAProduct_DDT_006" name="searchAProductDDT" time="18.688"/>
  <testcase classname="com.amazon.testCases.TC_SearchAProduct_DDT_006" name="searchAProductDDT" time="18.571"/>
  <testcase classname="com.amazon.testCases.TC_SearchAProduct_DDT_006" name="searchAProductDDT" time="18.151"/>
  <testcase classname="com.amazon.testCases.TC_SearchAProduct_DDT_006" name="searchAProductDDT" time="16.574"/>
  <testcase classname="com.amazon.testCases.TC_SearchAProduct_DDT_006" name="searchAProductDDT" time="16.557"/>
  <testcase classname="com.amazon.testCases.TC_SearchAProduct_DDT_006" name="searchAProductDDT" time="16.468"/>
  <testcase classname="com.amazon.testCases.TC_SearchAProduct_DDT_006" name="searchAProductDDT" time="16.154"/>
  <testcase classname="com.amazon.testCases.TC_SearchAProduct_DDT_006" name="searchAProductDDT" time="16.233"/>
  <testcase classname="com.amazon.testCases.TC_SearchAProduct_DDT_006" name="searchAProductDDT" time="16.369"/>
  <testcase classname="com.amazon.testCases.TC_SearchAProduct_DDT_006" name="searchAProductDDT" time="16.302"/>
  <testcase classname="com.amazon.testCases.TC_SearchAProduct_DDT_006" name="searchAProductDDT" time="16.072"/>
  <testcase classname="com.amazon.testCases.TC_SearchAProduct_DDT_006" name="searchAProductDDT" time="17.343"/>
  <testcase classname="com.amazon.testCases.TC_SearchAProduct_DDT_006" name="searchAProductDDT" time="16.781"/>
  <testcase classname="com.amazon.testCases.TC_SearchAProduct_DDT_006" name="searchAProductDDT" time="16.775"/>
  <testcase classname="com.amazon.testCases.TC_SearchAProduct_DDT_006" name="searchAProductDDT" time="15.984"/>
  <testcase classname="com.amazon.testCases.TC_SearchAProduct_DDT_006" name="searchAProductDDT" time="16.319"/>
  <testcase classname="com.amazon.testCases.TC_SearchAProduct_DDT_006" name="searchAProductDDT" time="17.199"/>
  <testcase classname="com.amazon.testCases.TC_SearchAProduct_DDT_006" name="searchAProductDDT" time="16.139"/>
</testsuite> <!-- Amazon Web Test -->
