<?xml version="1.0" encoding="UTF-8"?>
<!-- Generated by org.testng.reporters.JUnitXMLReporter -->
<testsuite ignored="0" hostname="DESKTOP-JJTOD7N" failures="0" tests="5" name="Amazon Web Test" time="105.772" errors="0" timestamp="2021-10-30T13:47:54 IST">
  <testcase classname="com.amazon.testCases.TC_ChangeLanguageSettingsPageTest_001" name="changeLanguageSettings" time="8.521"/>
  <testcase classname="com.amazon.testCases.TC_ChangePageLanguageTest_002" name="landingPageTest" time="5.356"/>
  <testcase classname="com.amazon.testCases.TC_SearchAProductTest_003" name="searchAProductTest" time="12.945"/>
  <testcase classname="com.amazon.testCases.TC_AddAProductToCartTest_004" name="addAProductToCart" time="13.389"/>
  <testcase classname="com.amazon.testCases.TC_RemoveAProductFromCartTest_005" name="removeAProductFromCart" time="17.306"/>
</testsuite> <!-- Amazon Web Test -->
