<?xml version="1.0" encoding="UTF-8"?>
<testng-results ignored="0" total="5" passed="5" failed="0" skipped="0">
  <reporter-output>
  </reporter-output>
  <suite started-at="2021-10-30T13:46:08 IST" name="Amazon-web-automation-v1" finished-at="2021-10-30T13:47:54 IST" duration-ms="105772">
    <groups>
    </groups>
    <test started-at="2021-10-30T13:46:08 IST" name="Amazon Web Test" finished-at="2021-10-30T13:47:54 IST" duration-ms="105772">
      <class name="com.amazon.testCases.TC_RemoveAProductFromCartTest_005">
        <test-method is-config="true" signature="setup(java.lang.String)[pri:0, instance:com.amazon.testCases.TC_RemoveAProductFromCartTest_005@6e4784bc]" started-at="2021-10-30T13:47:27 IST" name="setup" finished-at="2021-10-30T13:47:36 IST" duration-ms="8695" status="PASS">
          <params>
            <param index="0">
              <value>
                <![CDATA[chrome]]>
              </value>
            </param>
          </params>
          <reporter-output>
          </reporter-output>
        </test-method> <!-- setup -->
        <test-method signature="removeAProductFromCart()[pri:0, instance:com.amazon.testCases.TC_RemoveAProductFromCartTest_005@6e4784bc]" started-at="2021-10-30T13:47:36 IST" name="removeAProductFromCart" finished-at="2021-10-30T13:47:53 IST" duration-ms="17306" status="PASS">
          <reporter-output>
          </reporter-output>
        </test-method> <!-- removeAProductFromCart -->
        <test-method is-config="true" signature="tearDown()[pri:0, instance:com.amazon.testCases.TC_RemoveAProductFromCartTest_005@6e4784bc]" started-at="2021-10-30T13:47:53 IST" name="tearDown" finished-at="2021-10-30T13:47:54 IST" duration-ms="811" status="PASS">
          <reporter-output>
          </reporter-output>
        </test-method> <!-- tearDown -->
      </class> <!-- com.amazon.testCases.TC_RemoveAProductFromCartTest_005 -->
      <class name="com.amazon.testCases.TC_SearchAProductTest_003">
        <test-method is-config="true" signature="setup(java.lang.String)[pri:0, instance:com.amazon.testCases.TC_SearchAProductTest_003@29626d54]" started-at="2021-10-30T13:46:41 IST" name="setup" finished-at="2021-10-30T13:46:50 IST" duration-ms="8734" status="PASS">
          <params>
            <param index="0">
              <value>
                <![CDATA[chrome]]>
              </value>
            </param>
          </params>
          <reporter-output>
          </reporter-output>
        </test-method> <!-- setup -->
        <test-method signature="searchAProductTest()[pri:0, instance:com.amazon.testCases.TC_SearchAProductTest_003@29626d54]" started-at="2021-10-30T13:46:50 IST" name="searchAProductTest" finished-at="2021-10-30T13:47:03 IST" duration-ms="12945" status="PASS">
          <reporter-output>
          </reporter-output>
        </test-method> <!-- searchAProductTest -->
        <test-method is-config="true" signature="tearDown()[pri:0, instance:com.amazon.testCases.TC_SearchAProductTest_003@29626d54]" started-at="2021-10-30T13:47:03 IST" name="tearDown" finished-at="2021-10-30T13:47:04 IST" duration-ms="725" status="PASS">
          <reporter-output>
          </reporter-output>
        </test-method> <!-- tearDown -->
      </class> <!-- com.amazon.testCases.TC_SearchAProductTest_003 -->
      <class name="com.amazon.testCases.TC_ChangeLanguageSettingsPageTest_001">
        <test-method is-config="true" signature="setup(java.lang.String)[pri:0, instance:com.amazon.testCases.TC_ChangeLanguageSettingsPageTest_001@63021689]" started-at="2021-10-30T13:46:08 IST" name="setup" finished-at="2021-10-30T13:46:17 IST" duration-ms="8630" status="PASS">
          <params>
            <param index="0">
              <value>
                <![CDATA[chrome]]>
              </value>
            </param>
          </params>
          <reporter-output>
          </reporter-output>
        </test-method> <!-- setup -->
        <test-method signature="changeLanguageSettings()[pri:0, instance:com.amazon.testCases.TC_ChangeLanguageSettingsPageTest_001@63021689]" started-at="2021-10-30T13:46:17 IST" name="changeLanguageSettings" finished-at="2021-10-30T13:46:25 IST" duration-ms="8521" status="PASS">
          <reporter-output>
          </reporter-output>
        </test-method> <!-- changeLanguageSettings -->
        <test-method is-config="true" signature="tearDown()[pri:0, instance:com.amazon.testCases.TC_ChangeLanguageSettingsPageTest_001@63021689]" started-at="2021-10-30T13:46:25 IST" name="tearDown" finished-at="2021-10-30T13:46:27 IST" duration-ms="1342" status="PASS">
          <reporter-output>
          </reporter-output>
        </test-method> <!-- tearDown -->
      </class> <!-- com.amazon.testCases.TC_ChangeLanguageSettingsPageTest_001 -->
      <class name="com.amazon.testCases.TC_AddAProductToCartTest_004">
        <test-method is-config="true" signature="setup(java.lang.String)[pri:0, instance:com.amazon.testCases.TC_AddAProductToCartTest_004@5a63f509]" started-at="2021-10-30T13:47:04 IST" name="setup" finished-at="2021-10-30T13:47:13 IST" duration-ms="9387" status="PASS">
          <params>
            <param index="0">
              <value>
                <![CDATA[chrome]]>
              </value>
            </param>
          </params>
          <reporter-output>
          </reporter-output>
        </test-method> <!-- setup -->
        <test-method signature="addAProductToCart()[pri:0, instance:com.amazon.testCases.TC_AddAProductToCartTest_004@5a63f509]" started-at="2021-10-30T13:47:13 IST" name="addAProductToCart" finished-at="2021-10-30T13:47:26 IST" duration-ms="13389" status="PASS">
          <reporter-output>
          </reporter-output>
        </test-method> <!-- addAProductToCart -->
        <test-method is-config="true" signature="tearDown()[pri:0, instance:com.amazon.testCases.TC_AddAProductToCartTest_004@5a63f509]" started-at="2021-10-30T13:47:26 IST" name="tearDown" finished-at="2021-10-30T13:47:27 IST" duration-ms="831" status="PASS">
          <reporter-output>
          </reporter-output>
        </test-method> <!-- tearDown -->
      </class> <!-- com.amazon.testCases.TC_AddAProductToCartTest_004 -->
      <class name="com.amazon.testCases.TC_ChangePageLanguageTest_002">
        <test-method is-config="true" signature="setup(java.lang.String)[pri:0, instance:com.amazon.testCases.TC_ChangePageLanguageTest_002@5bd03f44]" started-at="2021-10-30T13:46:27 IST" name="setup" finished-at="2021-10-30T13:46:35 IST" duration-ms="8367" status="PASS">
          <params>
            <param index="0">
              <value>
                <![CDATA[chrome]]>
              </value>
            </param>
          </params>
          <reporter-output>
          </reporter-output>
        </test-method> <!-- setup -->
        <test-method signature="landingPageTest()[pri:0, instance:com.amazon.testCases.TC_ChangePageLanguageTest_002@5bd03f44]" started-at="2021-10-30T13:46:35 IST" name="landingPageTest" finished-at="2021-10-30T13:46:41 IST" duration-ms="5356" status="PASS">
          <reporter-output>
          </reporter-output>
        </test-method> <!-- landingPageTest -->
        <test-method is-config="true" signature="tearDown()[pri:0, instance:com.amazon.testCases.TC_ChangePageLanguageTest_002@5bd03f44]" started-at="2021-10-30T13:46:41 IST" name="tearDown" finished-at="2021-10-30T13:46:41 IST" duration-ms="656" status="PASS">
          <reporter-output>
          </reporter-output>
        </test-method> <!-- tearDown -->
      </class> <!-- com.amazon.testCases.TC_ChangePageLanguageTest_002 -->
    </test> <!-- Amazon Web Test -->
  </suite> <!-- Amazon-web-automation-v1 -->
</testng-results>
